Determining if the Q_WS_WIN exist failed with the following output:
Change Dir: /media/psf/Home/Dropbox/Year 3/3rd-Year-Project/Hardware/Camera/OpenCV/opencv-2.4.8/build/CMakeFiles/CMakeTmp

Run Build Command:/usr/bin/make "cmTryCompileExec906646491/fast"
/usr/bin/make -f CMakeFiles/cmTryCompileExec906646491.dir/build.make CMakeFiles/cmTryCompileExec906646491.dir/build
make[1]: Entering directory `/media/psf/Home/Dropbox/Year 3/3rd-Year-Project/Hardware/Camera/OpenCV/opencv-2.4.8/build/CMakeFiles/CMakeTmp'
/usr/bin/cmake -E cmake_progress_report "/media/psf/Home/Dropbox/Year 3/3rd-Year-Project/Hardware/Camera/OpenCV/opencv-2.4.8/build/CMakeFiles/CMakeTmp/CMakeFiles" 1
Building CXX object CMakeFiles/cmTryCompileExec906646491.dir/CheckSymbolExists.cxx.o
/usr/bin/c++    -fsigned-char -W -Wall -Werror=return-type -Werror=address -Werror=sequence-point -Wformat -Werror=format-security -Wmissing-declarations -Wundef -Winit-self -Wpointer-arith -Wshadow -Wsign-promo -Wno-narrowing -Wno-delete-non-virtual-dtor -fdiagnostics-show-option -Wno-long-long -pthread -fomit-frame-pointer -msse -msse2 -msse3 -ffunction-sections   -O3 -DNDEBUG -I/usr/include/qt4    -o CMakeFiles/cmTryCompileExec906646491.dir/CheckSymbolExists.cxx.o -c "/media/psf/Home/Dropbox/Year 3/3rd-Year-Project/Hardware/Camera/OpenCV/opencv-2.4.8/build/CMakeFiles/CMakeTmp/CheckSymbolExists.cxx"
/media/psf/Home/Dropbox/Year 3/3rd-Year-Project/Hardware/Camera/OpenCV/opencv-2.4.8/build/CMakeFiles/CMakeTmp/CheckSymbolExists.cxx: In function ‘int main(int, char**)’:
/media/psf/Home/Dropbox/Year 3/3rd-Year-Project/Hardware/Camera/OpenCV/opencv-2.4.8/build/CMakeFiles/CMakeTmp/CheckSymbolExists.cxx:8:19: error: ‘Q_WS_WIN’ was not declared in this scope
make[1]: *** [CMakeFiles/cmTryCompileExec906646491.dir/CheckSymbolExists.cxx.o] Error 1
make[1]: Leaving directory `/media/psf/Home/Dropbox/Year 3/3rd-Year-Project/Hardware/Camera/OpenCV/opencv-2.4.8/build/CMakeFiles/CMakeTmp'
make: *** [cmTryCompileExec906646491/fast] Error 2

File /media/psf/Home/Dropbox/Year 3/3rd-Year-Project/Hardware/Camera/OpenCV/opencv-2.4.8/build/CMakeFiles/CMakeTmp/CheckSymbolExists.cxx:
/* */
#include <QtCore/qglobal.h>

int main(int argc, char** argv)
{
  (void)argv;
#ifndef Q_WS_WIN
  return ((int*)(&Q_WS_WIN))[argc];
#else
  (void)argc;
  return 0;
#endif
}

Determining if the Q_WS_QWS exist failed with the following output:
Change Dir: /media/psf/Home/Dropbox/Year 3/3rd-Year-Project/Hardware/Camera/OpenCV/opencv-2.4.8/build/CMakeFiles/CMakeTmp

Run Build Command:/usr/bin/make "cmTryCompileExec3204521777/fast"
/usr/bin/make -f CMakeFiles/cmTryCompileExec3204521777.dir/build.make CMakeFiles/cmTryCompileExec3204521777.dir/build
make[1]: Entering directory `/media/psf/Home/Dropbox/Year 3/3rd-Year-Project/Hardware/Camera/OpenCV/opencv-2.4.8/build/CMakeFiles/CMakeTmp'
/usr/bin/cmake -E cmake_progress_report "/media/psf/Home/Dropbox/Year 3/3rd-Year-Project/Hardware/Camera/OpenCV/opencv-2.4.8/build/CMakeFiles/CMakeTmp/CMakeFiles" 1
Building CXX object CMakeFiles/cmTryCompileExec3204521777.dir/CheckSymbolExists.cxx.o
/usr/bin/c++    -fsigned-char -W -Wall -Werror=return-type -Werror=address -Werror=sequence-point -Wformat -Werror=format-security -Wmissing-declarations -Wundef -Winit-self -Wpointer-arith -Wshadow -Wsign-promo -Wno-narrowing -Wno-delete-non-virtual-dtor -fdiagnostics-show-option -Wno-long-long -pthread -fomit-frame-pointer -msse -msse2 -msse3 -ffunction-sections   -O3 -DNDEBUG -I/usr/include/qt4    -o CMakeFiles/cmTryCompileExec3204521777.dir/CheckSymbolExists.cxx.o -c "/media/psf/Home/Dropbox/Year 3/3rd-Year-Project/Hardware/Camera/OpenCV/opencv-2.4.8/build/CMakeFiles/CMakeTmp/CheckSymbolExists.cxx"
/media/psf/Home/Dropbox/Year 3/3rd-Year-Project/Hardware/Camera/OpenCV/opencv-2.4.8/build/CMakeFiles/CMakeTmp/CheckSymbolExists.cxx: In function ‘int main(int, char**)’:
/media/psf/Home/Dropbox/Year 3/3rd-Year-Project/Hardware/Camera/OpenCV/opencv-2.4.8/build/CMakeFiles/CMakeTmp/CheckSymbolExists.cxx:8:19: error: ‘Q_WS_QWS’ was not declared in this scope
make[1]: Leaving directory `/media/psf/Home/Dropbox/Year 3/3rd-Year-Project/Hardware/Camera/OpenCV/opencv-2.4.8/build/CMakeFiles/CMakeTmp'
make[1]: *** [CMakeFiles/cmTryCompileExec3204521777.dir/CheckSymbolExists.cxx.o] Error 1
make: *** [cmTryCompileExec3204521777/fast] Error 2

File /media/psf/Home/Dropbox/Year 3/3rd-Year-Project/Hardware/Camera/OpenCV/opencv-2.4.8/build/CMakeFiles/CMakeTmp/CheckSymbolExists.cxx:
/* */
#include <QtCore/qglobal.h>

int main(int argc, char** argv)
{
  (void)argv;
#ifndef Q_WS_QWS
  return ((int*)(&Q_WS_QWS))[argc];
#else
  (void)argc;
  return 0;
#endif
}

Determining if the Q_WS_MAC exist failed with the following output:
Change Dir: /media/psf/Home/Dropbox/Year 3/3rd-Year-Project/Hardware/Camera/OpenCV/opencv-2.4.8/build/CMakeFiles/CMakeTmp

Run Build Command:/usr/bin/make "cmTryCompileExec2519410701/fast"
make: Warning: File `Makefile' has modification time 0.98 s in the future
/usr/bin/make -f CMakeFiles/cmTryCompileExec2519410701.dir/build.make CMakeFiles/cmTryCompileExec2519410701.dir/build
make[1]: Entering directory `/media/psf/Home/Dropbox/Year 3/3rd-Year-Project/Hardware/Camera/OpenCV/opencv-2.4.8/build/CMakeFiles/CMakeTmp'
make[1]: Warning: File `CMakeFiles/cmTryCompileExec2519410701.dir/flags.make' has modification time 0.97 s in the future
/usr/bin/cmake -E cmake_progress_report "/media/psf/Home/Dropbox/Year 3/3rd-Year-Project/Hardware/Camera/OpenCV/opencv-2.4.8/build/CMakeFiles/CMakeTmp/CMakeFiles" 1
Building CXX object CMakeFiles/cmTryCompileExec2519410701.dir/CheckSymbolExists.cxx.o
/usr/bin/c++    -fsigned-char -W -Wall -Werror=return-type -Werror=address -Werror=sequence-point -Wformat -Werror=format-security -Wmissing-declarations -Wundef -Winit-self -Wpointer-arith -Wshadow -Wsign-promo -Wno-narrowing -Wno-delete-non-virtual-dtor -fdiagnostics-show-option -Wno-long-long -pthread -fomit-frame-pointer -msse -msse2 -msse3 -ffunction-sections   -O3 -DNDEBUG -I/usr/include/qt4    -o CMakeFiles/cmTryCompileExec2519410701.dir/CheckSymbolExists.cxx.o -c "/media/psf/Home/Dropbox/Year 3/3rd-Year-Project/Hardware/Camera/OpenCV/opencv-2.4.8/build/CMakeFiles/CMakeTmp/CheckSymbolExists.cxx"
/media/psf/Home/Dropbox/Year 3/3rd-Year-Project/Hardware/Camera/OpenCV/opencv-2.4.8/build/CMakeFiles/CMakeTmp/CheckSymbolExists.cxx: In function ‘int main(int, char**)’:
/media/psf/Home/Dropbox/Year 3/3rd-Year-Project/Hardware/Camera/OpenCV/opencv-2.4.8/build/CMakeFiles/CMakeTmp/CheckSymbolExists.cxx:8:19: error: ‘Q_WS_MAC’ was not declared in this scope
make[1]: Leaving directory `/media/psf/Home/Dropbox/Year 3/3rd-Year-Project/Hardware/Camera/OpenCV/opencv-2.4.8/build/CMakeFiles/CMakeTmp'
make[1]: *** [CMakeFiles/cmTryCompileExec2519410701.dir/CheckSymbolExists.cxx.o] Error 1
make: *** [cmTryCompileExec2519410701/fast] Error 2

File /media/psf/Home/Dropbox/Year 3/3rd-Year-Project/Hardware/Camera/OpenCV/opencv-2.4.8/build/CMakeFiles/CMakeTmp/CheckSymbolExists.cxx:
/* */
#include <QtCore/qglobal.h>

int main(int argc, char** argv)
{
  (void)argv;
#ifndef Q_WS_MAC
  return ((int*)(&Q_WS_MAC))[argc];
#else
  (void)argc;
  return 0;
#endif
}

Determining if the include file linux/videodev.h exists failed with the following output:
Change Dir: /media/psf/Home/Dropbox/Year 3/3rd-Year-Project/Hardware/Camera/OpenCV/opencv-2.4.8/build/CMakeFiles/CMakeTmp

Run Build Command:/usr/bin/make "cmTryCompileExec172969563/fast"
make: Warning: File `Makefile' has modification time 0.98 s in the future
/usr/bin/make -f CMakeFiles/cmTryCompileExec172969563.dir/build.make CMakeFiles/cmTryCompileExec172969563.dir/build
make[1]: Entering directory `/media/psf/Home/Dropbox/Year 3/3rd-Year-Project/Hardware/Camera/OpenCV/opencv-2.4.8/build/CMakeFiles/CMakeTmp'
make[1]: Warning: File `CMakeFiles/cmTryCompileExec172969563.dir/flags.make' has modification time 0.98 s in the future
/usr/bin/cmake -E cmake_progress_report "/media/psf/Home/Dropbox/Year 3/3rd-Year-Project/Hardware/Camera/OpenCV/opencv-2.4.8/build/CMakeFiles/CMakeTmp/CMakeFiles" 1
Building C object CMakeFiles/cmTryCompileExec172969563.dir/CheckIncludeFile.c.o
/usr/bin/cc   -fsigned-char -W -Wall -Werror=return-type -Werror=address -Werror=sequence-point -Wformat -Werror=format-security -Wmissing-declarations -Wmissing-prototypes -Wstrict-prototypes -Wundef -Winit-self -Wpointer-arith -Wshadow -Wno-narrowing -fdiagnostics-show-option -Wno-long-long -pthread -fomit-frame-pointer -msse -msse2 -msse3 -ffunction-sections   -O3 -DNDEBUG   -o CMakeFiles/cmTryCompileExec172969563.dir/CheckIncludeFile.c.o   -c "/media/psf/Home/Dropbox/Year 3/3rd-Year-Project/Hardware/Camera/OpenCV/opencv-2.4.8/build/CMakeFiles/CMakeTmp/CheckIncludeFile.c"
/media/psf/Home/Dropbox/Year 3/3rd-Year-Project/Hardware/Camera/OpenCV/opencv-2.4.8/build/CMakeFiles/CMakeTmp/CheckIncludeFile.c:1:28: fatal error: linux/videodev.h: No such file or directory
compilation terminated.
make[1]: Leaving directory `/media/psf/Home/Dropbox/Year 3/3rd-Year-Project/Hardware/Camera/OpenCV/opencv-2.4.8/build/CMakeFiles/CMakeTmp'
make[1]: *** [CMakeFiles/cmTryCompileExec172969563.dir/CheckIncludeFile.c.o] Error 1
make: *** [cmTryCompileExec172969563/fast] Error 2


Determining if the include file sys/videoio.h exists failed with the following output:
Change Dir: /media/psf/Home/Dropbox/Year 3/3rd-Year-Project/Hardware/Camera/OpenCV/opencv-2.4.8/build/CMakeFiles/CMakeTmp

Run Build Command:/usr/bin/make "cmTryCompileExec758769253/fast"
make: Warning: File `Makefile' has modification time 0.98 s in the future
/usr/bin/make -f CMakeFiles/cmTryCompileExec758769253.dir/build.make CMakeFiles/cmTryCompileExec758769253.dir/build
make[1]: Entering directory `/media/psf/Home/Dropbox/Year 3/3rd-Year-Project/Hardware/Camera/OpenCV/opencv-2.4.8/build/CMakeFiles/CMakeTmp'
make[1]: Warning: File `CMakeFiles/cmTryCompileExec758769253.dir/flags.make' has modification time 0.97 s in the future
/usr/bin/cmake -E cmake_progress_report "/media/psf/Home/Dropbox/Year 3/3rd-Year-Project/Hardware/Camera/OpenCV/opencv-2.4.8/build/CMakeFiles/CMakeTmp/CMakeFiles" 1
Building C object CMakeFiles/cmTryCompileExec758769253.dir/CheckIncludeFile.c.o
/usr/bin/cc   -fsigned-char -W -Wall -Werror=return-type -Werror=address -Werror=sequence-point -Wformat -Werror=format-security -Wmissing-declarations -Wmissing-prototypes -Wstrict-prototypes -Wundef -Winit-self -Wpointer-arith -Wshadow -Wno-narrowing -fdiagnostics-show-option -Wno-long-long -pthread -fomit-frame-pointer -msse -msse2 -msse3 -ffunction-sections   -O3 -DNDEBUG   -o CMakeFiles/cmTryCompileExec758769253.dir/CheckIncludeFile.c.o   -c "/media/psf/Home/Dropbox/Year 3/3rd-Year-Project/Hardware/Camera/OpenCV/opencv-2.4.8/build/CMakeFiles/CMakeTmp/CheckIncludeFile.c"
/media/psf/Home/Dropbox/Year 3/3rd-Year-Project/Hardware/Camera/OpenCV/opencv-2.4.8/build/CMakeFiles/CMakeTmp/CheckIncludeFile.c:1:25: fatal error: sys/videoio.h: No such file or directory
compilation terminated.
make[1]: Leaving directory `/media/psf/Home/Dropbox/Year 3/3rd-Year-Project/Hardware/Camera/OpenCV/opencv-2.4.8/build/CMakeFiles/CMakeTmp'
make[1]: *** [CMakeFiles/cmTryCompileExec758769253.dir/CheckIncludeFile.c.o] Error 1
make: *** [cmTryCompileExec758769253/fast] Error 2


Determining if the include file ffmpeg/avformat.h exists failed with the following output:
Change Dir: /media/psf/Home/Dropbox/Year 3/3rd-Year-Project/Hardware/Camera/OpenCV/opencv-2.4.8/build/CMakeFiles/CMakeTmp

Run Build Command:/usr/bin/make "cmTryCompileExec2699197438/fast"
/usr/bin/make -f CMakeFiles/cmTryCompileExec2699197438.dir/build.make CMakeFiles/cmTryCompileExec2699197438.dir/build
make[1]: Entering directory `/media/psf/Home/Dropbox/Year 3/3rd-Year-Project/Hardware/Camera/OpenCV/opencv-2.4.8/build/CMakeFiles/CMakeTmp'
/usr/bin/cmake -E cmake_progress_report "/media/psf/Home/Dropbox/Year 3/3rd-Year-Project/Hardware/Camera/OpenCV/opencv-2.4.8/build/CMakeFiles/CMakeTmp/CMakeFiles" 1
Building C object CMakeFiles/cmTryCompileExec2699197438.dir/CheckIncludeFile.c.o
/usr/bin/cc   -fsigned-char -W -Wall -Werror=return-type -Werror=address -Werror=sequence-point -Wformat -Werror=format-security -Wmissing-declarations -Wmissing-prototypes -Wstrict-prototypes -Wundef -Winit-self -Wpointer-arith -Wshadow -Wno-narrowing -fdiagnostics-show-option -Wno-long-long -pthread -fomit-frame-pointer -msse -msse2 -msse3 -ffunction-sections   -O3 -DNDEBUG   -o CMakeFiles/cmTryCompileExec2699197438.dir/CheckIncludeFile.c.o   -c "/media/psf/Home/Dropbox/Year 3/3rd-Year-Project/Hardware/Camera/OpenCV/opencv-2.4.8/build/CMakeFiles/CMakeTmp/CheckIncludeFile.c"
/media/psf/Home/Dropbox/Year 3/3rd-Year-Project/Hardware/Camera/OpenCV/opencv-2.4.8/build/CMakeFiles/CMakeTmp/CheckIncludeFile.c:1:29: fatal error: ffmpeg/avformat.h: No such file or directory
compilation terminated.
make[1]: Leaving directory `/media/psf/Home/Dropbox/Year 3/3rd-Year-Project/Hardware/Camera/OpenCV/opencv-2.4.8/build/CMakeFiles/CMakeTmp'
make[1]: *** [CMakeFiles/cmTryCompileExec2699197438.dir/CheckIncludeFile.c.o] Error 1
make: *** [cmTryCompileExec2699197438/fast] Error 2


